<?xml version="1.0" encoding="UTF-8"?>
<robot generator="Robot 3.2.1 (Python 3.8.0 on win32)" generated="20200613 17:51:44.463" rpa="false">
<suite id="s1" name="BDD TestCases" source="C:\Users\Beauty\eclipse-workspace\Myntra_RobotProject\BDD_TestCases">
<suite id="s1-s1" name="Regression" source="C:\Users\Beauty\eclipse-workspace\Myntra_RobotProject\BDD_TestCases\Regression">
<suite id="s1-s1-s1" name="LoginValidation" source="C:\Users\Beauty\eclipse-workspace\Myntra_RobotProject\BDD_TestCases\Regression\LoginValidation.robot">
<test id="s1-s1-s1-t1" name="TC01_Test Login page is displayed">
<kw name="Launch app maximize window and set timeout" library="BaseResource" type="setup">
<doc>Launch the myntra application maximize the window and set timeout</doc>
<kw name="Evaluate" library="BuiltIn">
<doc>Evaluates the given expression in Python and returns the result.</doc>
<arguments>
<arg>sys.modules['selenium.webdriver.chrome.options'].Options()</arg>
</arguments>
<assign>
<var>${options}</var>
</assign>
<msg timestamp="20200613 17:51:45.041" level="INFO">${options} = &lt;selenium.webdriver.chrome.options.Options object at 0x03A5ED78&gt;</msg>
<status status="PASS" starttime="20200613 17:51:45.041" endtime="20200613 17:51:45.041"></status>
</kw>
<kw name="Call Method" library="BuiltIn">
<doc>Calls the named method of the given object with the provided arguments.</doc>
<arguments>
<arg>${options}</arg>
<arg>add_argument</arg>
<arg>--disable-notifications</arg>
</arguments>
<status status="PASS" starttime="20200613 17:51:45.041" endtime="20200613 17:51:45.041"></status>
</kw>
<kw name="Create Webdriver" library="SeleniumLibrary">
<doc>Creates an instance of Selenium WebDriver.</doc>
<arguments>
<arg>Chrome</arg>
<arg>options=${options}</arg>
</arguments>
<assign>
<var>${driver}</var>
</assign>
<msg timestamp="20200613 17:51:45.041" level="INFO">Creating an instance of the Chrome WebDriver.</msg>
<msg timestamp="20200613 17:51:50.952" level="INFO">${driver} = 1</msg>
<status status="PASS" starttime="20200613 17:51:45.041" endtime="20200613 17:51:50.952"></status>
</kw>
<kw name="Go To" library="SeleniumLibrary">
<doc>Navigates the current browser window to the provided ``url``.</doc>
<arguments>
<arg>${url}</arg>
</arguments>
<msg timestamp="20200613 17:51:50.953" level="INFO">Opening url 'https://www.myntra.com/'</msg>
<status status="PASS" starttime="20200613 17:51:50.953" endtime="20200613 17:51:58.169"></status>
</kw>
<kw name="Maximize Browser Window" library="SeleniumLibrary">
<doc>Maximizes current browser window.</doc>
<status status="PASS" starttime="20200613 17:51:58.169" endtime="20200613 17:52:04.083"></status>
</kw>
<kw name="Set Browser Implicit Wait" library="SeleniumLibrary">
<doc>Sets the implicit wait value used by Selenium.</doc>
<arguments>
<arg>8s</arg>
</arguments>
<status status="PASS" starttime="20200613 17:52:04.084" endtime="20200613 17:52:04.135"></status>
</kw>
<kw name="Set Selenium Timeout" library="SeleniumLibrary">
<doc>Sets the timeout that is used by various keywords.</doc>
<arguments>
<arg>8s</arg>
</arguments>
<status status="PASS" starttime="20200613 17:52:04.150" endtime="20200613 17:52:04.150"></status>
</kw>
<status status="PASS" starttime="20200613 17:51:45.041" endtime="20200613 17:52:04.150"></status>
</kw>
<kw name="Given user is on landing page" library="LandingPage">
<kw name="Title Should Be" library="SeleniumLibrary">
<doc>Verifies that the current page title equals ``title``.</doc>
<arguments>
<arg>${landing_title}</arg>
</arguments>
<msg timestamp="20200613 17:52:04.172" level="INFO">Page title is 'Online Shopping for Women, Men, Kids Fashion &amp; Lifestyle - Myntra'.</msg>
<status status="PASS" starttime="20200613 17:52:04.150" endtime="20200613 17:52:04.172"></status>
</kw>
<status status="PASS" starttime="20200613 17:52:04.150" endtime="20200613 17:52:04.173"></status>
</kw>
<kw name="When user click on login link" library="LandingPage">
<kw name="Read element" library="BaseResource">
<arguments>
<arg>LoginPage.profile_xpath</arg>
</arguments>
<assign>
<var>${profile}</var>
</assign>
<kw name="Get Locator Value" library="ReadLocator">
<arguments>
<arg>${element_path}</arg>
</arguments>
<assign>
<var>${value}</var>
</assign>
<msg timestamp="20200613 17:52:04.179" level="INFO">${value} = //span[.='Profile']</msg>
<status status="PASS" starttime="20200613 17:52:04.177" endtime="20200613 17:52:04.179"></status>
</kw>
<msg timestamp="20200613 17:52:04.180" level="INFO">${profile} = //span[.='Profile']</msg>
<status status="PASS" starttime="20200613 17:52:04.176" endtime="20200613 17:52:04.180"></status>
</kw>
<kw name="Element Should Be Visible" library="SeleniumLibrary">
<doc>Verifies that the element identified by ``locator`` is visible.</doc>
<arguments>
<arg>xpath=${profile}</arg>
</arguments>
<msg timestamp="20200613 17:52:04.953" level="INFO">Element 'xpath=//span[.='Profile']' is displayed.</msg>
<status status="PASS" starttime="20200613 17:52:04.180" endtime="20200613 17:52:04.953"></status>
</kw>
<kw name="Mouse Over" library="SeleniumLibrary">
<doc>Simulates hovering the mouse over the element ``locator``.</doc>
<arguments>
<arg>xpath=${profile}</arg>
</arguments>
<msg timestamp="20200613 17:52:04.954" level="INFO">Simulating Mouse Over on element 'xpath=//span[.='Profile']'.</msg>
<status status="PASS" starttime="20200613 17:52:04.953" endtime="20200613 17:52:05.640"></status>
</kw>
<kw name="Read element" library="BaseResource">
<arguments>
<arg>LoginPage.Login/SignUp_xpath</arg>
</arguments>
<assign>
<var>${login}</var>
</assign>
<kw name="Get Locator Value" library="ReadLocator">
<arguments>
<arg>${element_path}</arg>
</arguments>
<assign>
<var>${value}</var>
</assign>
<msg timestamp="20200613 17:52:05.643" level="INFO">${value} = //a[.='login / Signup']</msg>
<status status="PASS" starttime="20200613 17:52:05.642" endtime="20200613 17:52:05.643"></status>
</kw>
<msg timestamp="20200613 17:52:05.643" level="INFO">${login} = //a[.='login / Signup']</msg>
<status status="PASS" starttime="20200613 17:52:05.641" endtime="20200613 17:52:05.644"></status>
</kw>
<kw name="Page Should Contain Element" library="SeleniumLibrary">
<doc>Verifies that element ``locator`` is found on the current page.</doc>
<arguments>
<arg>xpath=${login}</arg>
</arguments>
<msg timestamp="20200613 17:52:05.673" level="INFO">Current page contains element 'xpath=//a[.='login / Signup']'.</msg>
<status status="PASS" starttime="20200613 17:52:05.644" endtime="20200613 17:52:05.673"></status>
</kw>
<kw name="Element Should Be Visible" library="SeleniumLibrary">
<doc>Verifies that the element identified by ``locator`` is visible.</doc>
<arguments>
<arg>xpath=${login}</arg>
</arguments>
<msg timestamp="20200613 17:52:05.867" level="INFO">Element 'xpath=//a[.='login / Signup']' is displayed.</msg>
<status status="PASS" starttime="20200613 17:52:05.674" endtime="20200613 17:52:05.867"></status>
</kw>
<kw name="Click Element" library="SeleniumLibrary">
<doc>Click the element identified by ``locator``.</doc>
<arguments>
<arg>xpath=${login}</arg>
</arguments>
<msg timestamp="20200613 17:52:05.868" level="INFO">Clicking element 'xpath=//a[.='login / Signup']'.</msg>
<status status="PASS" starttime="20200613 17:52:05.867" endtime="20200613 17:52:15.328"></status>
</kw>
<status status="PASS" starttime="20200613 17:52:04.175" endtime="20200613 17:52:15.329"></status>
</kw>
<kw name="Then login page is displayed" library="LandingPage">
<kw name="Read element" library="BaseResource">
<arguments>
<arg>LoginPage.mobileno</arg>
</arguments>
<assign>
<var>${mob}</var>
</assign>
<kw name="Get Locator Value" library="ReadLocator">
<arguments>
<arg>${element_path}</arg>
</arguments>
<assign>
<var>${value}</var>
</assign>
<msg timestamp="20200613 17:52:15.338" level="INFO">${value} = //input[@autocomplete='new-password']</msg>
<status status="PASS" starttime="20200613 17:52:15.336" endtime="20200613 17:52:15.338"></status>
</kw>
<msg timestamp="20200613 17:52:15.339" level="INFO">${mob} = //input[@autocomplete='new-password']</msg>
<status status="PASS" starttime="20200613 17:52:15.333" endtime="20200613 17:52:15.339"></status>
</kw>
<kw name="Element Should Be Visible" library="SeleniumLibrary">
<doc>Verifies that the element identified by ``locator`` is visible.</doc>
<arguments>
<arg>xpath=${mob}</arg>
</arguments>
<msg timestamp="20200613 17:52:15.472" level="INFO">Element 'xpath=//input[@autocomplete='new-password']' is displayed.</msg>
<status status="PASS" starttime="20200613 17:52:15.340" endtime="20200613 17:52:15.473"></status>
</kw>
<status status="PASS" starttime="20200613 17:52:15.331" endtime="20200613 17:52:15.473"></status>
</kw>
<kw name="Close browser and take screenshot" library="BaseResource" type="teardown">
<doc>Close all the browser instances and take screenshot</doc>
<kw name="Capture Page Screenshot" library="SeleniumLibrary">
<doc>Takes a screenshot of the current page and embeds it into a log file.</doc>
<arguments>
<arg>././screenshots/screenshot.png</arg>
</arguments>
<msg timestamp="20200613 17:52:16.346" level="INFO" html="yes">&lt;/td&gt;&lt;/tr&gt;&lt;tr&gt;&lt;td colspan="3"&gt;&lt;a href="screenshots/screenshot.png"&gt;&lt;img src="screenshots/screenshot.png" width="800px"&gt;&lt;/a&gt;</msg>
<status status="PASS" starttime="20200613 17:52:15.483" endtime="20200613 17:52:16.346"></status>
</kw>
<kw name="Close All Browsers" library="SeleniumLibrary">
<doc>Closes all open browsers and resets the browser cache.</doc>
<status status="PASS" starttime="20200613 17:52:16.346" endtime="20200613 17:52:20.450"></status>
</kw>
<status status="PASS" starttime="20200613 17:52:15.482" endtime="20200613 17:52:20.451"></status>
</kw>
<tags>
<tag>Smoke</tag>
</tags>
<status status="PASS" starttime="20200613 17:51:45.041" endtime="20200613 17:52:20.453" critical="yes"></status>
</test>
<status status="PASS" starttime="20200613 17:51:44.526" endtime="20200613 17:52:20.462"></status>
</suite>
<status status="PASS" starttime="20200613 17:51:44.526" endtime="20200613 17:52:20.479"></status>
</suite>
<status status="PASS" starttime="20200613 17:51:44.479" endtime="20200613 17:52:20.485"></status>
</suite>
<statistics>
<total>
<stat pass="1" fail="0">Critical Tests</stat>
<stat pass="1" fail="0">All Tests</stat>
</total>
<tag>
<stat pass="1" fail="0">Smoke</stat>
</tag>
<suite>
<stat pass="1" fail="0" id="s1" name="BDD TestCases">BDD TestCases</stat>
<stat pass="1" fail="0" id="s1-s1" name="Regression">BDD TestCases.Regression</stat>
<stat pass="1" fail="0" id="s1-s1-s1" name="LoginValidation">BDD TestCases.Regression.LoginValidation</stat>
</suite>
</statistics>
<errors>
</errors>
</robot>
